<?xml version="1.0" encoding="UTF-8"?>
<testng-results skipped="0" failed="0" ignored="0" total="1" passed="1">
  <reporter-output>
  </reporter-output>
  <suite name="Actitime" duration-ms="81481" started-at="2019-02-27T18:59:54Z" finished-at="2019-02-27T19:01:16Z">
    <groups>
    </groups>
    <test name="Test" duration-ms="81481" started-at="2019-02-27T18:59:54Z" finished-at="2019-02-27T19:01:16Z">
      <class name="com.Actitime.testCases.TC_LoginTest_001">
        <test-method status="PASS" signature="setUp(java.lang.String)[pri:0, instance:com.Actitime.testCases.TC_LoginTest_001@2d6e8792]" name="setUp" is-config="true" duration-ms="71237" started-at="2019-02-27T18:59:55Z" finished-at="2019-02-27T19:01:06Z">
          <params>
            <param index="0">
              <value>
                <![CDATA[chrome]]>
              </value>
            </param>
          </params>
          <reporter-output>
          </reporter-output>
        </test-method> <!-- setUp -->
        <test-method status="PASS" signature="loginTest()[pri:0, instance:com.Actitime.testCases.TC_LoginTest_001@2d6e8792]" name="loginTest" duration-ms="7791" started-at="2019-02-27T19:01:06Z" finished-at="2019-02-27T19:01:14Z">
          <reporter-output>
          </reporter-output>
        </test-method> <!-- loginTest -->
        <test-method status="PASS" signature="tearDown()[pri:0, instance:com.Actitime.testCases.TC_LoginTest_001@2d6e8792]" name="tearDown" is-config="true" duration-ms="1189" started-at="2019-02-27T19:01:14Z" finished-at="2019-02-27T19:01:16Z">
          <reporter-output>
          </reporter-output>
        </test-method> <!-- tearDown -->
      </class> <!-- com.Actitime.testCases.TC_LoginTest_001 -->
    </test> <!-- Test -->
  </suite> <!-- Actitime -->
</testng-results>
